{"D:\\Hacktiv\\ZulfikarH8\\Individual Project\\IP-HCK73\\server\\app.js": {"path":"D:\\Hacktiv\\ZulfikarH8\\Individual Project\\IP-HCK73\\server\\app.js","statementMap":{"0":{"start":{"line":1,"column":0},"end":{"line":3,"column":1}},"1":{"start":{"line":2,"column":2},"end":{"line":2,"column":29}},"2":{"start":{"line":4,"column":16},"end":{"line":4,"column":34}},"3":{"start":{"line":5,"column":12},"end":{"line":5,"column":21}},"4":{"start":{"line":6,"column":13},"end":{"line":6,"column":17}},"5":{"start":{"line":7,"column":15},"end":{"line":7,"column":44}},"6":{"start":{"line":8,"column":21},"end":{"line":8,"column":60}},"7":{"start":{"line":9,"column":13},"end":{"line":9,"column":28}},"8":{"start":{"line":11,"column":0},"end":{"line":11,"column":48}},"9":{"start":{"line":12,"column":0},"end":{"line":12,"column":24}},"10":{"start":{"line":13,"column":0},"end":{"line":13,"column":15}},"11":{"start":{"line":14,"column":0},"end":{"line":14,"column":21}},"12":{"start":{"line":19,"column":0},"end":{"line":19,"column":22}},"13":{"start":{"line":21,"column":0},"end":{"line":21,"column":21}}},"fnMap":{},"branchMap":{"0":{"loc":{"start":{"line":1,"column":0},"end":{"line":3,"column":1}},"type":"if","locations":[{"start":{"line":1,"column":0},"end":{"line":3,"column":1}},{"start":{},"end":{}}],"line":1}},"s":{"0":2,"1":2,"2":2,"3":2,"4":2,"5":2,"6":2,"7":2,"8":2,"9":2,"10":2,"11":2,"12":2,"13":2},"f":{},"b":{"0":[2,0]},"_coverageSchema":"1a1c01bbd47fc00a2c39e90264f33305004495a9","hash":"2afdc9579374373f6a89e6b141d66b94ce02b497"}
,"D:\\Hacktiv\\ZulfikarH8\\Individual Project\\IP-HCK73\\server\\controller\\movieController.js": {"path":"D:\\Hacktiv\\ZulfikarH8\\Individual Project\\IP-HCK73\\server\\controller\\movieController.js","statementMap":{"0":{"start":{"line":1,"column":22},"end":{"line":1,"column":42}},"1":{"start":{"line":2,"column":31},"end":{"line":2,"column":63}},"2":{"start":{"line":3,"column":14},"end":{"line":3,"column":62}},"3":{"start":{"line":4,"column":14},"end":{"line":4,"column":30}},"4":{"start":{"line":8,"column":4},"end":{"line":24,"column":5}},"5":{"start":{"line":9,"column":6},"end":{"line":9,"column":36}},"6":{"start":{"line":10,"column":26},"end":{"line":10,"column":34}},"7":{"start":{"line":11,"column":21},"end":{"line":11,"column":32}},"8":{"start":{"line":12,"column":31},"end":{"line":14,"column":8}},"9":{"start":{"line":15,"column":6},"end":{"line":17,"column":7}},"10":{"start":{"line":16,"column":8},"end":{"line":16,"column":38}},"11":{"start":{"line":18,"column":17},"end":{"line":20,"column":8}},"12":{"start":{"line":21,"column":6},"end":{"line":21,"column":69}},"13":{"start":{"line":23,"column":6},"end":{"line":23,"column":18}},"14":{"start":{"line":27,"column":4},"end":{"line":41,"column":5}},"15":{"start":{"line":28,"column":21},"end":{"line":36,"column":6}},"16":{"start":{"line":37,"column":22},"end":{"line":37,"column":42}},"17":{"start":{"line":38,"column":5},"end":{"line":38,"column":40}},"18":{"start":{"line":40,"column":6},"end":{"line":40,"column":18}},"19":{"start":{"line":44,"column":4},"end":{"line":58,"column":5}},"20":{"start":{"line":46,"column":22},"end":{"line":46,"column":77}},"21":{"start":{"line":47,"column":28},"end":{"line":47,"column":36}},"22":{"start":{"line":48,"column":8},"end":{"line":48,"column":29}},"23":{"start":{"line":49,"column":23},"end":{"line":49,"column":93}},"24":{"start":{"line":50,"column":23},"end":{"line":50,"column":58}},"25":{"start":{"line":51,"column":25},"end":{"line":51,"column":46}},"26":{"start":{"line":52,"column":21},"end":{"line":52,"column":36}},"27":{"start":{"line":53,"column":8},"end":{"line":53,"column":34}},"28":{"start":{"line":55,"column":6},"end":{"line":55,"column":12}},"29":{"start":{"line":57,"column":6},"end":{"line":57,"column":18}},"30":{"start":{"line":61,"column":4},"end":{"line":73,"column":5}},"31":{"start":{"line":62,"column":17},"end":{"line":66,"column":8}},"32":{"start":{"line":67,"column":6},"end":{"line":69,"column":7}},"33":{"start":{"line":68,"column":8},"end":{"line":68,"column":36}},"34":{"start":{"line":70,"column":6},"end":{"line":70,"column":33}},"35":{"start":{"line":72,"column":6},"end":{"line":72,"column":18}},"36":{"start":{"line":77,"column":19},"end":{"line":77,"column":29}},"37":{"start":{"line":78,"column":4},"end":{"line":91,"column":5}},"38":{"start":{"line":79,"column":17},"end":{"line":79,"column":45}},"39":{"start":{"line":80,"column":6},"end":{"line":82,"column":7}},"40":{"start":{"line":81,"column":8},"end":{"line":81,"column":36}},"41":{"start":{"line":83,"column":6},"end":{"line":87,"column":9}},"42":{"start":{"line":88,"column":6},"end":{"line":88,"column":71}},"43":{"start":{"line":90,"column":6},"end":{"line":90,"column":18}},"44":{"start":{"line":95,"column":0},"end":{"line":95,"column":33}}},"fnMap":{"0":{"name":"(anonymous_0)","decl":{"start":{"line":7,"column":2},"end":{"line":7,"column":3}},"loc":{"start":{"line":7,"column":43},"end":{"line":25,"column":3}},"line":7},"1":{"name":"(anonymous_1)","decl":{"start":{"line":26,"column":2},"end":{"line":26,"column":3}},"loc":{"start":{"line":26,"column":41},"end":{"line":42,"column":3}},"line":26},"2":{"name":"(anonymous_2)","decl":{"start":{"line":43,"column":2},"end":{"line":43,"column":3}},"loc":{"start":{"line":43,"column":40},"end":{"line":59,"column":3}},"line":43},"3":{"name":"run","decl":{"start":{"line":45,"column":21},"end":{"line":45,"column":24}},"loc":{"start":{"line":45,"column":27},"end":{"line":54,"column":7}},"line":45},"4":{"name":"(anonymous_4)","decl":{"start":{"line":60,"column":2},"end":{"line":60,"column":3}},"loc":{"start":{"line":60,"column":44},"end":{"line":74,"column":3}},"line":60},"5":{"name":"(anonymous_5)","decl":{"start":{"line":76,"column":2},"end":{"line":76,"column":3}},"loc":{"start":{"line":76,"column":46},"end":{"line":92,"column":3}},"line":76}},"branchMap":{"0":{"loc":{"start":{"line":15,"column":6},"end":{"line":17,"column":7}},"type":"if","locations":[{"start":{"line":15,"column":6},"end":{"line":17,"column":7}},{"start":{},"end":{}}],"line":15},"1":{"loc":{"start":{"line":67,"column":6},"end":{"line":69,"column":7}},"type":"if","locations":[{"start":{"line":67,"column":6},"end":{"line":69,"column":7}},{"start":{},"end":{}}],"line":67},"2":{"loc":{"start":{"line":80,"column":6},"end":{"line":82,"column":7}},"type":"if","locations":[{"start":{"line":80,"column":6},"end":{"line":82,"column":7}},{"start":{},"end":{}}],"line":80}},"s":{"0":2,"1":2,"2":2,"3":2,"4":2,"5":2,"6":2,"7":2,"8":2,"9":2,"10":1,"11":1,"12":1,"13":1,"14":0,"15":0,"16":0,"17":0,"18":0,"19":0,"20":0,"21":0,"22":0,"23":0,"24":0,"25":0,"26":0,"27":0,"28":0,"29":0,"30":1,"31":1,"32":1,"33":0,"34":1,"35":0,"36":2,"37":2,"38":2,"39":2,"40":1,"41":1,"42":1,"43":1,"44":2},"f":{"0":2,"1":0,"2":0,"3":0,"4":1,"5":2},"b":{"0":[1,1],"1":[0,1],"2":[1,1]},"_coverageSchema":"1a1c01bbd47fc00a2c39e90264f33305004495a9","hash":"3f49c77d9938e9d997a71668e2146c0cd710c945"}
,"D:\\Hacktiv\\ZulfikarH8\\Individual Project\\IP-HCK73\\server\\controller\\userController.js": {"path":"D:\\Hacktiv\\ZulfikarH8\\Individual Project\\IP-HCK73\\server\\controller\\userController.js","statementMap":{"0":{"start":{"line":1,"column":42},"end":{"line":1,"column":69}},"1":{"start":{"line":2,"column":22},"end":{"line":2,"column":46}},"2":{"start":{"line":3,"column":17},"end":{"line":3,"column":37}},"3":{"start":{"line":4,"column":12},"end":{"line":4,"column":35}},"4":{"start":{"line":5,"column":0},"end":{"line":5,"column":27}},"5":{"start":{"line":6,"column":25},"end":{"line":6,"column":55}},"6":{"start":{"line":7,"column":15},"end":{"line":7,"column":33}},"7":{"start":{"line":11,"column":4},"end":{"line":23,"column":5}},"8":{"start":{"line":13,"column":57},"end":{"line":13,"column":65}},"9":{"start":{"line":14,"column":17},"end":{"line":19,"column":8}},"10":{"start":{"line":20,"column":6},"end":{"line":20,"column":63}},"11":{"start":{"line":22,"column":6},"end":{"line":22,"column":18}},"12":{"start":{"line":26,"column":4},"end":{"line":46,"column":5}},"13":{"start":{"line":27,"column":34},"end":{"line":27,"column":42}},"14":{"start":{"line":28,"column":6},"end":{"line":30,"column":7}},"15":{"start":{"line":29,"column":8},"end":{"line":29,"column":44}},"16":{"start":{"line":31,"column":6},"end":{"line":33,"column":7}},"17":{"start":{"line":32,"column":8},"end":{"line":32,"column":44}},"18":{"start":{"line":34,"column":19},"end":{"line":34,"column":59}},"19":{"start":{"line":35,"column":6},"end":{"line":37,"column":7}},"20":{"start":{"line":36,"column":8},"end":{"line":36,"column":39}},"21":{"start":{"line":38,"column":30},"end":{"line":38,"column":70}},"22":{"start":{"line":39,"column":6},"end":{"line":41,"column":7}},"23":{"start":{"line":40,"column":8},"end":{"line":40,"column":39}},"24":{"start":{"line":42,"column":27},"end":{"line":42,"column":53}},"25":{"start":{"line":43,"column":6},"end":{"line":43,"column":45}},"26":{"start":{"line":45,"column":6},"end":{"line":45,"column":18}},"27":{"start":{"line":49,"column":35},"end":{"line":49,"column":43}},"28":{"start":{"line":50,"column":4},"end":{"line":75,"column":5}},"29":{"start":{"line":51,"column":21},"end":{"line":54,"column":8}},"30":{"start":{"line":55,"column":6},"end":{"line":55,"column":35}},"31":{"start":{"line":57,"column":22},"end":{"line":57,"column":41}},"32":{"start":{"line":58,"column":30},"end":{"line":68,"column":8}},"33":{"start":{"line":70,"column":20},"end":{"line":70,"column":69}},"34":{"start":{"line":71,"column":6},"end":{"line":71,"column":68}},"35":{"start":{"line":74,"column":6},"end":{"line":74,"column":25}},"36":{"start":{"line":78,"column":4},"end":{"line":89,"column":5}},"37":{"start":{"line":79,"column":15},"end":{"line":79,"column":26}},"38":{"start":{"line":80,"column":17},"end":{"line":80,"column":40}},"39":{"start":{"line":81,"column":6},"end":{"line":81,"column":27}},"40":{"start":{"line":83,"column":6},"end":{"line":85,"column":7}},"41":{"start":{"line":84,"column":8},"end":{"line":84,"column":36}},"42":{"start":{"line":86,"column":6},"end":{"line":86,"column":32}},"43":{"start":{"line":88,"column":6},"end":{"line":88,"column":17}},"44":{"start":{"line":92,"column":19},"end":{"line":92,"column":29}},"45":{"start":{"line":94,"column":4},"end":{"line":108,"column":5}},"46":{"start":{"line":95,"column":17},"end":{"line":95,"column":34}},"47":{"start":{"line":96,"column":6},"end":{"line":98,"column":7}},"48":{"start":{"line":97,"column":8},"end":{"line":97,"column":36}},"49":{"start":{"line":99,"column":6},"end":{"line":104,"column":9}},"50":{"start":{"line":105,"column":6},"end":{"line":105,"column":65}},"51":{"start":{"line":107,"column":6},"end":{"line":107,"column":18}},"52":{"start":{"line":112,"column":0},"end":{"line":112,"column":32}}},"fnMap":{"0":{"name":"(anonymous_0)","decl":{"start":{"line":10,"column":2},"end":{"line":10,"column":3}},"loc":{"start":{"line":10,"column":40},"end":{"line":24,"column":3}},"line":10},"1":{"name":"(anonymous_1)","decl":{"start":{"line":25,"column":2},"end":{"line":25,"column":3}},"loc":{"start":{"line":25,"column":37},"end":{"line":47,"column":3}},"line":25},"2":{"name":"(anonymous_2)","decl":{"start":{"line":48,"column":2},"end":{"line":48,"column":3}},"loc":{"start":{"line":48,"column":38},"end":{"line":76,"column":3}},"line":48},"3":{"name":"(anonymous_3)","decl":{"start":{"line":77,"column":2},"end":{"line":77,"column":3}},"loc":{"start":{"line":77,"column":40},"end":{"line":90,"column":3}},"line":77},"4":{"name":"(anonymous_4)","decl":{"start":{"line":91,"column":2},"end":{"line":91,"column":3}},"loc":{"start":{"line":91,"column":42},"end":{"line":109,"column":3}},"line":91}},"branchMap":{"0":{"loc":{"start":{"line":28,"column":6},"end":{"line":30,"column":7}},"type":"if","locations":[{"start":{"line":28,"column":6},"end":{"line":30,"column":7}},{"start":{},"end":{}}],"line":28},"1":{"loc":{"start":{"line":31,"column":6},"end":{"line":33,"column":7}},"type":"if","locations":[{"start":{"line":31,"column":6},"end":{"line":33,"column":7}},{"start":{},"end":{}}],"line":31},"2":{"loc":{"start":{"line":35,"column":6},"end":{"line":37,"column":7}},"type":"if","locations":[{"start":{"line":35,"column":6},"end":{"line":37,"column":7}},{"start":{},"end":{}}],"line":35},"3":{"loc":{"start":{"line":39,"column":6},"end":{"line":41,"column":7}},"type":"if","locations":[{"start":{"line":39,"column":6},"end":{"line":41,"column":7}},{"start":{},"end":{}}],"line":39},"4":{"loc":{"start":{"line":71,"column":17},"end":{"line":71,"column":36}},"type":"cond-expr","locations":[{"start":{"line":71,"column":27},"end":{"line":71,"column":30}},{"start":{"line":71,"column":33},"end":{"line":71,"column":36}}],"line":71},"5":{"loc":{"start":{"line":83,"column":6},"end":{"line":85,"column":7}},"type":"if","locations":[{"start":{"line":83,"column":6},"end":{"line":85,"column":7}},{"start":{},"end":{}}],"line":83},"6":{"loc":{"start":{"line":96,"column":6},"end":{"line":98,"column":7}},"type":"if","locations":[{"start":{"line":96,"column":6},"end":{"line":98,"column":7}},{"start":{},"end":{}}],"line":96}},"s":{"0":2,"1":2,"2":2,"3":2,"4":2,"5":2,"6":2,"7":4,"8":4,"9":4,"10":1,"11":3,"12":5,"13":5,"14":5,"15":1,"16":4,"17":1,"18":3,"19":3,"20":1,"21":2,"22":2,"23":1,"24":1,"25":1,"26":4,"27":0,"28":0,"29":0,"30":0,"31":0,"32":0,"33":0,"34":0,"35":0,"36":0,"37":0,"38":0,"39":0,"40":0,"41":0,"42":0,"43":0,"44":0,"45":0,"46":0,"47":0,"48":0,"49":0,"50":0,"51":0,"52":2},"f":{"0":4,"1":5,"2":0,"3":0,"4":0},"b":{"0":[1,4],"1":[1,3],"2":[1,2],"3":[1,1],"4":[0,0],"5":[0,0],"6":[0,0]},"_coverageSchema":"1a1c01bbd47fc00a2c39e90264f33305004495a9","hash":"204ac3a09907c5af0fe6d4a087be4524f0fb08bf"}
,"D:\\Hacktiv\\ZulfikarH8\\Individual Project\\IP-HCK73\\server\\helper\\bcrypt.js": {"path":"D:\\Hacktiv\\ZulfikarH8\\Individual Project\\IP-HCK73\\server\\helper\\bcrypt.js","statementMap":{"0":{"start":{"line":1,"column":15},"end":{"line":1,"column":34}},"1":{"start":{"line":3,"column":21},"end":{"line":6,"column":1}},"2":{"start":{"line":4,"column":15},"end":{"line":4,"column":37}},"3":{"start":{"line":5,"column":2},"end":{"line":5,"column":41}},"4":{"start":{"line":8,"column":24},"end":{"line":10,"column":1}},"5":{"start":{"line":9,"column":2},"end":{"line":9,"column":54}},"6":{"start":{"line":12,"column":0},"end":{"line":12,"column":51}}},"fnMap":{"0":{"name":"(anonymous_0)","decl":{"start":{"line":3,"column":21},"end":{"line":3,"column":22}},"loc":{"start":{"line":3,"column":35},"end":{"line":6,"column":1}},"line":3},"1":{"name":"(anonymous_1)","decl":{"start":{"line":8,"column":24},"end":{"line":8,"column":25}},"loc":{"start":{"line":8,"column":54},"end":{"line":10,"column":1}},"line":8}},"branchMap":{},"s":{"0":2,"1":2,"2":3,"3":3,"4":2,"5":2,"6":2},"f":{"0":3,"1":2},"b":{},"_coverageSchema":"1a1c01bbd47fc00a2c39e90264f33305004495a9","hash":"a406bf55761a1e5c71c196819100b3590ea28c52"}
,"D:\\Hacktiv\\ZulfikarH8\\Individual Project\\IP-HCK73\\server\\helper\\jwt.js": {"path":"D:\\Hacktiv\\ZulfikarH8\\Individual Project\\IP-HCK73\\server\\helper\\jwt.js","statementMap":{"0":{"start":{"line":1,"column":12},"end":{"line":1,"column":35}},"1":{"start":{"line":2,"column":18},"end":{"line":2,"column":40}},"2":{"start":{"line":3,"column":18},"end":{"line":5,"column":1}},"3":{"start":{"line":4,"column":2},"end":{"line":4,"column":38}},"4":{"start":{"line":6,"column":20},"end":{"line":8,"column":1}},"5":{"start":{"line":7,"column":2},"end":{"line":7,"column":38}},"6":{"start":{"line":10,"column":0},"end":{"line":10,"column":44}}},"fnMap":{"0":{"name":"(anonymous_0)","decl":{"start":{"line":3,"column":18},"end":{"line":3,"column":19}},"loc":{"start":{"line":3,"column":31},"end":{"line":5,"column":1}},"line":3},"1":{"name":"(anonymous_1)","decl":{"start":{"line":6,"column":20},"end":{"line":6,"column":21}},"loc":{"start":{"line":6,"column":31},"end":{"line":8,"column":1}},"line":6}},"branchMap":{},"s":{"0":2,"1":2,"2":2,"3":2,"4":2,"5":6,"6":2},"f":{"0":2,"1":6},"b":{},"_coverageSchema":"1a1c01bbd47fc00a2c39e90264f33305004495a9","hash":"0f9f02c50f3be1d9acc325b9190b2d8310e658f4"}
,"D:\\Hacktiv\\ZulfikarH8\\Individual Project\\IP-HCK73\\server\\middleware\\errorHandler.js": {"path":"D:\\Hacktiv\\ZulfikarH8\\Individual Project\\IP-HCK73\\server\\middleware\\errorHandler.js","statementMap":{"0":{"start":{"line":2,"column":2},"end":{"line":2,"column":32}},"1":{"start":{"line":3,"column":15},"end":{"line":3,"column":34}},"2":{"start":{"line":4,"column":16},"end":{"line":4,"column":56}},"3":{"start":{"line":5,"column":2},"end":{"line":44,"column":3}},"4":{"start":{"line":8,"column":6},"end":{"line":8,"column":19}},"5":{"start":{"line":9,"column":6},"end":{"line":9,"column":33}},"6":{"start":{"line":10,"column":6},"end":{"line":10,"column":12}},"7":{"start":{"line":13,"column":6},"end":{"line":13,"column":19}},"8":{"start":{"line":14,"column":6},"end":{"line":14,"column":40}},"9":{"start":{"line":15,"column":6},"end":{"line":15,"column":12}},"10":{"start":{"line":17,"column":6},"end":{"line":17,"column":19}},"11":{"start":{"line":18,"column":6},"end":{"line":18,"column":33}},"12":{"start":{"line":19,"column":6},"end":{"line":19,"column":12}},"13":{"start":{"line":21,"column":6},"end":{"line":21,"column":19}},"14":{"start":{"line":22,"column":6},"end":{"line":22,"column":39}},"15":{"start":{"line":23,"column":6},"end":{"line":23,"column":12}},"16":{"start":{"line":25,"column":6},"end":{"line":25,"column":19}},"17":{"start":{"line":26,"column":6},"end":{"line":26,"column":45}},"18":{"start":{"line":27,"column":6},"end":{"line":27,"column":12}},"19":{"start":{"line":29,"column":6},"end":{"line":29,"column":19}},"20":{"start":{"line":30,"column":6},"end":{"line":30,"column":36}},"21":{"start":{"line":31,"column":6},"end":{"line":31,"column":12}},"22":{"start":{"line":33,"column":6},"end":{"line":33,"column":19}},"23":{"start":{"line":34,"column":6},"end":{"line":34,"column":30}},"24":{"start":{"line":35,"column":6},"end":{"line":35,"column":12}},"25":{"start":{"line":37,"column":6},"end":{"line":37,"column":19}},"26":{"start":{"line":38,"column":6},"end":{"line":38,"column":51}},"27":{"start":{"line":39,"column":6},"end":{"line":39,"column":12}},"28":{"start":{"line":41,"column":6},"end":{"line":41,"column":19}},"29":{"start":{"line":42,"column":6},"end":{"line":42,"column":45}},"30":{"start":{"line":43,"column":6},"end":{"line":43,"column":12}},"31":{"start":{"line":45,"column":2},"end":{"line":45,"column":39}},"32":{"start":{"line":47,"column":0},"end":{"line":47,"column":30}}},"fnMap":{"0":{"name":"errorHandler","decl":{"start":{"line":1,"column":9},"end":{"line":1,"column":21}},"loc":{"start":{"line":1,"column":45},"end":{"line":46,"column":1}},"line":1}},"branchMap":{"0":{"loc":{"start":{"line":3,"column":15},"end":{"line":3,"column":34}},"type":"binary-expr","locations":[{"start":{"line":3,"column":15},"end":{"line":3,"column":27}},{"start":{"line":3,"column":31},"end":{"line":3,"column":34}}],"line":3},"1":{"loc":{"start":{"line":4,"column":16},"end":{"line":4,"column":56}},"type":"binary-expr","locations":[{"start":{"line":4,"column":16},"end":{"line":4,"column":29}},{"start":{"line":4,"column":33},"end":{"line":4,"column":56}}],"line":4},"2":{"loc":{"start":{"line":5,"column":2},"end":{"line":44,"column":3}},"type":"switch","locations":[{"start":{"line":6,"column":4},"end":{"line":6,"column":25}},{"start":{"line":7,"column":4},"end":{"line":10,"column":12}},{"start":{"line":11,"column":4},"end":{"line":11,"column":42}},{"start":{"line":12,"column":4},"end":{"line":15,"column":12}},{"start":{"line":16,"column":4},"end":{"line":19,"column":12}},{"start":{"line":20,"column":4},"end":{"line":23,"column":12}},{"start":{"line":24,"column":4},"end":{"line":27,"column":12}},{"start":{"line":28,"column":4},"end":{"line":31,"column":12}},{"start":{"line":32,"column":4},"end":{"line":35,"column":12}},{"start":{"line":36,"column":4},"end":{"line":39,"column":12}},{"start":{"line":40,"column":4},"end":{"line":43,"column":12}}],"line":5}},"s":{"0":10,"1":10,"2":10,"3":10,"4":1,"5":1,"6":1,"7":3,"8":3,"9":3,"10":1,"11":1,"12":1,"13":0,"14":0,"15":0,"16":2,"17":2,"18":2,"19":0,"20":0,"21":0,"22":0,"23":0,"24":0,"25":1,"26":1,"27":1,"28":2,"29":2,"30":2,"31":10,"32":2},"f":{"0":10},"b":{"0":[10,10],"1":[10,6],"2":[0,1,0,3,1,0,2,0,0,1,2]},"_coverageSchema":"1a1c01bbd47fc00a2c39e90264f33305004495a9","hash":"2575695f3ed7a2f9a2dcbcc7ac0dd085429d993c"}
,"D:\\Hacktiv\\ZulfikarH8\\Individual Project\\IP-HCK73\\server\\middleware\\isAuthentication.js": {"path":"D:\\Hacktiv\\ZulfikarH8\\Individual Project\\IP-HCK73\\server\\middleware\\isAuthentication.js","statementMap":{"0":{"start":{"line":1,"column":24},"end":{"line":1,"column":48}},"1":{"start":{"line":2,"column":17},"end":{"line":2,"column":37}},"2":{"start":{"line":5,"column":2},"end":{"line":31,"column":3}},"3":{"start":{"line":6,"column":23},"end":{"line":6,"column":48}},"4":{"start":{"line":7,"column":4},"end":{"line":7,"column":51}},"5":{"start":{"line":9,"column":4},"end":{"line":9,"column":38}},"6":{"start":{"line":11,"column":4},"end":{"line":13,"column":5}},"7":{"start":{"line":12,"column":6},"end":{"line":12,"column":38}},"8":{"start":{"line":14,"column":26},"end":{"line":14,"column":49}},"9":{"start":{"line":15,"column":4},"end":{"line":15,"column":38}},"10":{"start":{"line":17,"column":4},"end":{"line":19,"column":5}},"11":{"start":{"line":18,"column":6},"end":{"line":18,"column":38}},"12":{"start":{"line":20,"column":18},"end":{"line":20,"column":36}},"13":{"start":{"line":21,"column":15},"end":{"line":21,"column":46}},"14":{"start":{"line":22,"column":4},"end":{"line":24,"column":5}},"15":{"start":{"line":23,"column":6},"end":{"line":23,"column":38}},"16":{"start":{"line":25,"column":4},"end":{"line":27,"column":6}},"17":{"start":{"line":28,"column":4},"end":{"line":28,"column":11}},"18":{"start":{"line":30,"column":4},"end":{"line":30,"column":16}},"19":{"start":{"line":34,"column":0},"end":{"line":34,"column":32}}},"fnMap":{"0":{"name":"isAuthenticate","decl":{"start":{"line":4,"column":15},"end":{"line":4,"column":29}},"loc":{"start":{"line":4,"column":46},"end":{"line":32,"column":1}},"line":4}},"branchMap":{"0":{"loc":{"start":{"line":11,"column":4},"end":{"line":13,"column":5}},"type":"if","locations":[{"start":{"line":11,"column":4},"end":{"line":13,"column":5}},{"start":{},"end":{}}],"line":11},"1":{"loc":{"start":{"line":17,"column":4},"end":{"line":19,"column":5}},"type":"if","locations":[{"start":{"line":17,"column":4},"end":{"line":19,"column":5}},{"start":{},"end":{}}],"line":17},"2":{"loc":{"start":{"line":22,"column":4},"end":{"line":24,"column":5}},"type":"if","locations":[{"start":{"line":22,"column":4},"end":{"line":24,"column":5}},{"start":{},"end":{}}],"line":22}},"s":{"0":2,"1":2,"2":6,"3":6,"4":6,"5":6,"6":6,"7":0,"8":6,"9":6,"10":6,"11":0,"12":6,"13":5,"14":5,"15":0,"16":5,"17":5,"18":1,"19":2},"f":{"0":6},"b":{"0":[0,6],"1":[0,6],"2":[0,5]},"_coverageSchema":"1a1c01bbd47fc00a2c39e90264f33305004495a9","hash":"19495783d5a8b8a4ad9f811220008cfb7908d8b6"}
,"D:\\Hacktiv\\ZulfikarH8\\Individual Project\\IP-HCK73\\server\\models\\favorites.js": {"path":"D:\\Hacktiv\\ZulfikarH8\\Individual Project\\IP-HCK73\\server\\models\\favorites.js","statementMap":{"0":{"start":{"line":4,"column":4},"end":{"line":4,"column":24}},"1":{"start":{"line":5,"column":0},"end":{"line":28,"column":2}},"2":{"start":{"line":14,"column":6},"end":{"line":14,"column":65}},"3":{"start":{"line":17,"column":2},"end":{"line":26,"column":5}},"4":{"start":{"line":27,"column":2},"end":{"line":27,"column":19}}},"fnMap":{"0":{"name":"(anonymous_0)","decl":{"start":{"line":5,"column":17},"end":{"line":5,"column":18}},"loc":{"start":{"line":5,"column":43},"end":{"line":28,"column":1}},"line":5},"1":{"name":"(anonymous_1)","decl":{"start":{"line":12,"column":4},"end":{"line":12,"column":5}},"loc":{"start":{"line":12,"column":29},"end":{"line":15,"column":5}},"line":12}},"branchMap":{},"s":{"0":2,"1":2,"2":2,"3":2,"4":2},"f":{"0":2,"1":2},"b":{},"_coverageSchema":"1a1c01bbd47fc00a2c39e90264f33305004495a9","hash":"951a09c52a2ba5a246a95a8994233b9480060824"}
,"D:\\Hacktiv\\ZulfikarH8\\Individual Project\\IP-HCK73\\server\\models\\index.js": {"path":"D:\\Hacktiv\\ZulfikarH8\\Individual Project\\IP-HCK73\\server\\models\\index.js","statementMap":{"0":{"start":{"line":3,"column":11},"end":{"line":3,"column":24}},"1":{"start":{"line":4,"column":13},"end":{"line":4,"column":28}},"2":{"start":{"line":5,"column":18},"end":{"line":5,"column":38}},"3":{"start":{"line":6,"column":16},"end":{"line":6,"column":34}},"4":{"start":{"line":7,"column":17},"end":{"line":7,"column":42}},"5":{"start":{"line":8,"column":12},"end":{"line":8,"column":49}},"6":{"start":{"line":9,"column":15},"end":{"line":9,"column":65}},"7":{"start":{"line":10,"column":11},"end":{"line":10,"column":13}},"8":{"start":{"line":13,"column":0},"end":{"line":17,"column":1}},"9":{"start":{"line":14,"column":2},"end":{"line":14,"column":74}},"10":{"start":{"line":16,"column":2},"end":{"line":16,"column":87}},"11":{"start":{"line":19,"column":0},"end":{"line":32,"column":5}},"12":{"start":{"line":22,"column":4},"end":{"line":27,"column":6}},"13":{"start":{"line":30,"column":18},"end":{"line":30,"column":85}},"14":{"start":{"line":31,"column":4},"end":{"line":31,"column":27}},"15":{"start":{"line":34,"column":0},"end":{"line":38,"column":3}},"16":{"start":{"line":35,"column":2},"end":{"line":37,"column":3}},"17":{"start":{"line":36,"column":4},"end":{"line":36,"column":32}},"18":{"start":{"line":40,"column":0},"end":{"line":40,"column":25}},"19":{"start":{"line":41,"column":0},"end":{"line":41,"column":25}},"20":{"start":{"line":43,"column":0},"end":{"line":43,"column":20}}},"fnMap":{"0":{"name":"(anonymous_0)","decl":{"start":{"line":21,"column":10},"end":{"line":21,"column":11}},"loc":{"start":{"line":21,"column":18},"end":{"line":28,"column":3}},"line":21},"1":{"name":"(anonymous_1)","decl":{"start":{"line":29,"column":11},"end":{"line":29,"column":12}},"loc":{"start":{"line":29,"column":19},"end":{"line":32,"column":3}},"line":29},"2":{"name":"(anonymous_2)","decl":{"start":{"line":34,"column":24},"end":{"line":34,"column":25}},"loc":{"start":{"line":34,"column":37},"end":{"line":38,"column":1}},"line":34}},"branchMap":{"0":{"loc":{"start":{"line":8,"column":12},"end":{"line":8,"column":49}},"type":"binary-expr","locations":[{"start":{"line":8,"column":12},"end":{"line":8,"column":32}},{"start":{"line":8,"column":36},"end":{"line":8,"column":49}}],"line":8},"1":{"loc":{"start":{"line":13,"column":0},"end":{"line":17,"column":1}},"type":"if","locations":[{"start":{"line":13,"column":0},"end":{"line":17,"column":1}},{"start":{"line":15,"column":7},"end":{"line":17,"column":1}}],"line":13},"2":{"loc":{"start":{"line":23,"column":6},"end":{"line":26,"column":37}},"type":"binary-expr","locations":[{"start":{"line":23,"column":6},"end":{"line":23,"column":29}},{"start":{"line":24,"column":6},"end":{"line":24,"column":23}},{"start":{"line":25,"column":6},"end":{"line":25,"column":30}},{"start":{"line":26,"column":6},"end":{"line":26,"column":37}}],"line":23},"3":{"loc":{"start":{"line":35,"column":2},"end":{"line":37,"column":3}},"type":"if","locations":[{"start":{"line":35,"column":2},"end":{"line":37,"column":3}},{"start":{},"end":{}}],"line":35}},"s":{"0":2,"1":2,"2":2,"3":2,"4":2,"5":2,"6":2,"7":2,"8":2,"9":0,"10":2,"11":2,"12":6,"13":4,"14":4,"15":2,"16":4,"17":4,"18":2,"19":2,"20":2},"f":{"0":6,"1":4,"2":4},"b":{"0":[2,0],"1":[0,2],"2":[6,6,4,4],"3":[4,0]},"_coverageSchema":"1a1c01bbd47fc00a2c39e90264f33305004495a9","hash":"d26d851b3c8871826ca28c6fcc607f04ac1102f4"}
,"D:\\Hacktiv\\ZulfikarH8\\Individual Project\\IP-HCK73\\server\\models\\user.js": {"path":"D:\\Hacktiv\\ZulfikarH8\\Individual Project\\IP-HCK73\\server\\models\\user.js","statementMap":{"0":{"start":{"line":2,"column":18},"end":{"line":2,"column":38}},"1":{"start":{"line":3,"column":23},"end":{"line":3,"column":50}},"2":{"start":{"line":4,"column":0},"end":{"line":80,"column":2}},"3":{"start":{"line":7,"column":6},"end":{"line":7,"column":63}},"4":{"start":{"line":10,"column":2},"end":{"line":78,"column":4}},"5":{"start":{"line":69,"column":10},"end":{"line":69,"column":62}},"6":{"start":{"line":72,"column":10},"end":{"line":72,"column":62}},"7":{"start":{"line":79,"column":2},"end":{"line":79,"column":14}}},"fnMap":{"0":{"name":"(anonymous_0)","decl":{"start":{"line":4,"column":17},"end":{"line":4,"column":18}},"loc":{"start":{"line":4,"column":43},"end":{"line":80,"column":1}},"line":4},"1":{"name":"(anonymous_1)","decl":{"start":{"line":6,"column":4},"end":{"line":6,"column":5}},"loc":{"start":{"line":6,"column":29},"end":{"line":8,"column":5}},"line":6},"2":{"name":"(anonymous_2)","decl":{"start":{"line":68,"column":8},"end":{"line":68,"column":9}},"loc":{"start":{"line":68,"column":39},"end":{"line":70,"column":9}},"line":68},"3":{"name":"(anonymous_3)","decl":{"start":{"line":71,"column":8},"end":{"line":71,"column":9}},"loc":{"start":{"line":71,"column":39},"end":{"line":73,"column":9}},"line":71}},"branchMap":{},"s":{"0":2,"1":2,"2":2,"3":2,"4":2,"5":3,"6":0,"7":2},"f":{"0":2,"1":2,"2":3,"3":0},"b":{},"_coverageSchema":"1a1c01bbd47fc00a2c39e90264f33305004495a9","hash":"78cf2c83467a0c4c1a943d7d104d960eb06e5c92"}
,"D:\\Hacktiv\\ZulfikarH8\\Individual Project\\IP-HCK73\\server\\router\\router.js": {"path":"D:\\Hacktiv\\ZulfikarH8\\Individual Project\\IP-HCK73\\server\\router\\router.js","statementMap":{"0":{"start":{"line":1,"column":16},"end":{"line":1,"column":34}},"1":{"start":{"line":2,"column":15},"end":{"line":2,"column":31}},"2":{"start":{"line":3,"column":23},"end":{"line":3,"column":64}},"3":{"start":{"line":4,"column":23},"end":{"line":4,"column":62}},"4":{"start":{"line":5,"column":24},"end":{"line":5,"column":64}},"5":{"start":{"line":8,"column":0},"end":{"line":8,"column":51}},"6":{"start":{"line":9,"column":0},"end":{"line":9,"column":50}},"7":{"start":{"line":10,"column":0},"end":{"line":10,"column":49}},"8":{"start":{"line":11,"column":0},"end":{"line":11,"column":43}},"9":{"start":{"line":12,"column":0},"end":{"line":12,"column":67}},"10":{"start":{"line":13,"column":0},"end":{"line":13,"column":68}},"11":{"start":{"line":14,"column":0},"end":{"line":14,"column":69}},"12":{"start":{"line":15,"column":0},"end":{"line":15,"column":69}},"13":{"start":{"line":16,"column":0},"end":{"line":16,"column":78}},"14":{"start":{"line":17,"column":0},"end":{"line":17,"column":64}},"15":{"start":{"line":19,"column":0},"end":{"line":19,"column":23}}},"fnMap":{},"branchMap":{},"s":{"0":2,"1":2,"2":2,"3":2,"4":2,"5":2,"6":2,"7":2,"8":2,"9":2,"10":2,"11":2,"12":2,"13":2,"14":2,"15":2},"f":{},"b":{},"_coverageSchema":"1a1c01bbd47fc00a2c39e90264f33305004495a9","hash":"20cbf9e7198615237a53aa686cff34a889d5a724"}
}
