TN:
SF:app.js
FNF:0
FNH:0
DA:1,2
DA:2,2
DA:4,2
DA:5,2
DA:6,2
DA:7,2
DA:8,2
DA:10,2
DA:11,2
DA:13,2
DA:18,2
DA:20,2
LF:12
LH:12
BRDA:1,0,0,2
BRDA:1,0,1,0
BRF:2
BRH:1
end_of_record
TN:
SF:controller\movieController.js
FN:6,(anonymous_0)
FN:25,(anonymous_1)
FN:27,run
FN:42,(anonymous_3)
FN:58,(anonymous_4)
FNF:5
FNH:3
FNDA:2,(anonymous_0)
FNDA:0,(anonymous_1)
FNDA:0,run
FNDA:1,(anonymous_3)
FNDA:2,(anonymous_4)
DA:1,2
DA:2,2
DA:3,2
DA:7,2
DA:8,2
DA:9,2
DA:10,2
DA:11,2
DA:14,2
DA:15,1
DA:17,1
DA:20,1
DA:22,1
DA:26,0
DA:28,0
DA:29,0
DA:30,0
DA:31,0
DA:32,0
DA:33,0
DA:34,0
DA:37,0
DA:39,0
DA:43,1
DA:44,1
DA:49,1
DA:50,0
DA:52,1
DA:54,0
DA:59,2
DA:60,2
DA:61,2
DA:62,2
DA:63,1
DA:65,1
DA:70,1
DA:72,1
DA:77,2
LF:38
LH:26
BRDA:14,0,0,1
BRDA:14,0,1,1
BRDA:49,1,0,0
BRDA:49,1,1,1
BRDA:62,2,0,1
BRDA:62,2,1,1
BRF:6
BRH:5
end_of_record
TN:
SF:controller\userController.js
FN:10,(anonymous_0)
FN:24,(anonymous_1)
FN:47,(anonymous_2)
FN:74,(anonymous_3)
FNF:4
FNH:2
FNDA:4,(anonymous_0)
FNDA:5,(anonymous_1)
FNDA:0,(anonymous_2)
FNDA:0,(anonymous_3)
DA:1,2
DA:2,2
DA:3,2
DA:4,2
DA:5,2
DA:6,2
DA:7,2
DA:11,4
DA:12,4
DA:13,4
DA:19,1
DA:21,3
DA:25,5
DA:26,5
DA:27,5
DA:28,1
DA:30,4
DA:31,1
DA:33,3
DA:34,3
DA:35,1
DA:37,2
DA:38,2
DA:39,1
DA:41,1
DA:42,1
DA:44,4
DA:48,0
DA:49,0
DA:50,0
DA:54,0
DA:55,0
DA:67,0
DA:68,0
DA:71,0
DA:75,0
DA:77,0
DA:78,0
DA:79,0
DA:80,0
DA:82,0
DA:88,0
DA:90,0
DA:95,2
LF:44
LH:28
BRDA:27,0,0,1
BRDA:27,0,1,4
BRDA:30,1,0,1
BRDA:30,1,1,3
BRDA:34,2,0,1
BRDA:34,2,1,2
BRDA:38,3,0,1
BRDA:38,3,1,1
BRDA:68,4,0,0
BRDA:68,4,1,0
BRDA:79,5,0,0
BRDA:79,5,1,0
BRF:12
BRH:8
end_of_record
TN:
SF:helper\bcrypt.js
FN:3,(anonymous_0)
FN:8,(anonymous_1)
FNF:2
FNH:2
FNDA:3,(anonymous_0)
FNDA:2,(anonymous_1)
DA:1,2
DA:3,2
DA:4,3
DA:5,3
DA:8,2
DA:9,2
DA:12,2
LF:7
LH:7
BRF:0
BRH:0
end_of_record
TN:
SF:helper\jwt.js
FN:3,(anonymous_0)
FN:6,(anonymous_1)
FNF:2
FNH:2
FNDA:2,(anonymous_0)
FNDA:6,(anonymous_1)
DA:1,2
DA:2,2
DA:3,2
DA:4,2
DA:6,2
DA:7,6
DA:10,2
LF:7
LH:7
BRF:0
BRH:0
end_of_record
TN:
SF:middleware\errorHandler.js
FN:1,errorHandler
FNF:1
FNH:1
FNDA:10,errorHandler
DA:2,10
DA:3,10
DA:4,10
DA:7,1
DA:8,1
DA:9,1
DA:12,3
DA:13,3
DA:14,3
DA:16,1
DA:17,1
DA:18,1
DA:20,0
DA:21,0
DA:22,0
DA:24,2
DA:25,2
DA:26,2
DA:28,0
DA:29,0
DA:30,0
DA:32,0
DA:33,0
DA:34,0
DA:36,1
DA:37,1
DA:38,1
DA:40,2
DA:41,2
DA:42,2
DA:44,10
DA:46,2
LF:32
LH:23
BRDA:2,0,0,10
BRDA:2,0,1,10
BRDA:3,1,0,10
BRDA:3,1,1,6
BRDA:4,2,0,0
BRDA:4,2,1,1
BRDA:4,2,2,0
BRDA:4,2,3,3
BRDA:4,2,4,1
BRDA:4,2,5,0
BRDA:4,2,6,2
BRDA:4,2,7,0
BRDA:4,2,8,0
BRDA:4,2,9,1
BRDA:4,2,10,2
BRF:15
BRH:10
end_of_record
TN:
SF:middleware\isAuthentication.js
FN:4,isAuthenticate
FNF:1
FNH:1
FNDA:6,isAuthenticate
DA:1,2
DA:2,2
DA:5,6
DA:6,6
DA:7,6
DA:8,0
DA:10,6
DA:11,6
DA:12,0
DA:14,6
DA:15,5
DA:16,5
DA:17,0
DA:19,5
DA:22,5
DA:24,1
DA:28,2
LF:17
LH:14
BRDA:7,0,0,0
BRDA:7,0,1,6
BRDA:11,1,0,0
BRDA:11,1,1,6
BRDA:16,2,0,0
BRDA:16,2,1,5
BRF:6
BRH:3
end_of_record
TN:
SF:models\favorites.js
FN:5,(anonymous_0)
FN:12,(anonymous_1)
FNF:2
FNH:2
FNDA:2,(anonymous_0)
FNDA:2,(anonymous_1)
DA:4,2
DA:5,2
DA:14,2
DA:17,2
DA:27,2
LF:5
LH:5
BRF:0
BRH:0
end_of_record
TN:
SF:models\index.js
FN:21,(anonymous_0)
FN:29,(anonymous_1)
FN:34,(anonymous_2)
FNF:3
FNH:3
FNDA:6,(anonymous_0)
FNDA:4,(anonymous_1)
FNDA:4,(anonymous_2)
DA:3,2
DA:4,2
DA:5,2
DA:6,2
DA:7,2
DA:8,2
DA:9,2
DA:10,2
DA:13,2
DA:14,0
DA:16,2
DA:19,2
DA:22,6
DA:30,4
DA:31,4
DA:34,2
DA:35,4
DA:36,4
DA:40,2
DA:41,2
DA:43,2
LF:21
LH:20
BRDA:8,0,0,2
BRDA:8,0,1,0
BRDA:13,1,0,0
BRDA:13,1,1,2
BRDA:23,2,0,6
BRDA:23,2,1,6
BRDA:23,2,2,4
BRDA:23,2,3,4
BRDA:35,3,0,4
BRDA:35,3,1,0
BRF:10
BRH:7
end_of_record
TN:
SF:models\user.js
FN:4,(anonymous_0)
FN:6,(anonymous_1)
FN:68,(anonymous_2)
FN:71,(anonymous_3)
FNF:4
FNH:3
FNDA:2,(anonymous_0)
FNDA:2,(anonymous_1)
FNDA:3,(anonymous_2)
FNDA:0,(anonymous_3)
DA:2,2
DA:3,2
DA:4,2
DA:7,2
DA:10,2
DA:69,3
DA:72,0
DA:79,2
LF:8
LH:7
BRF:0
BRH:0
end_of_record
TN:
SF:router\router.js
FNF:0
FNH:0
DA:1,2
DA:2,2
DA:3,2
DA:4,2
DA:5,2
DA:8,2
DA:9,2
DA:10,2
DA:11,2
DA:12,2
DA:13,2
DA:14,2
DA:15,2
DA:17,2
LF:14
LH:14
BRF:0
BRH:0
end_of_record
