TN:
SF:app.js
FNF:0
FNH:0
DA:1,2
DA:2,2
DA:4,2
DA:5,2
DA:6,2
DA:7,2
DA:8,2
DA:9,2
DA:11,2
DA:12,2
DA:13,2
DA:14,2
DA:19,2
DA:21,2
LF:14
LH:14
BRDA:1,0,0,2
BRDA:1,0,1,0
BRF:2
BRH:1
end_of_record
TN:
SF:controller\movieController.js
FN:7,(anonymous_0)
FN:26,(anonymous_1)
FN:43,(anonymous_2)
FN:45,run
FN:60,(anonymous_4)
FN:76,(anonymous_5)
FNF:6
FNH:3
FNDA:2,(anonymous_0)
FNDA:0,(anonymous_1)
FNDA:0,(anonymous_2)
FNDA:0,run
FNDA:1,(anonymous_4)
FNDA:2,(anonymous_5)
DA:1,2
DA:2,2
DA:3,2
DA:4,2
DA:8,2
DA:9,2
DA:10,2
DA:11,2
DA:12,2
DA:15,2
DA:16,1
DA:18,1
DA:21,1
DA:23,1
DA:27,0
DA:28,0
DA:37,0
DA:38,0
DA:40,0
DA:44,0
DA:46,0
DA:47,0
DA:48,0
DA:49,0
DA:50,0
DA:51,0
DA:52,0
DA:53,0
DA:55,0
DA:57,0
DA:61,1
DA:62,1
DA:67,1
DA:68,0
DA:70,1
DA:72,0
DA:77,2
DA:78,2
DA:79,2
DA:80,2
DA:81,1
DA:83,1
DA:88,1
DA:90,1
DA:95,2
LF:45
LH:27
BRDA:15,0,0,1
BRDA:15,0,1,1
BRDA:67,1,0,0
BRDA:67,1,1,1
BRDA:80,2,0,1
BRDA:80,2,1,1
BRF:6
BRH:5
end_of_record
TN:
SF:controller\userController.js
FN:10,(anonymous_0)
FN:25,(anonymous_1)
FN:48,(anonymous_2)
FN:77,(anonymous_3)
FN:91,(anonymous_4)
FNF:5
FNH:2
FNDA:4,(anonymous_0)
FNDA:5,(anonymous_1)
FNDA:0,(anonymous_2)
FNDA:0,(anonymous_3)
FNDA:0,(anonymous_4)
DA:1,2
DA:2,2
DA:3,2
DA:4,2
DA:5,2
DA:6,2
DA:7,2
DA:11,4
DA:13,4
DA:14,4
DA:20,1
DA:22,3
DA:26,5
DA:27,5
DA:28,5
DA:29,1
DA:31,4
DA:32,1
DA:34,3
DA:35,3
DA:36,1
DA:38,2
DA:39,2
DA:40,1
DA:42,1
DA:43,1
DA:45,4
DA:49,0
DA:50,0
DA:51,0
DA:55,0
DA:57,0
DA:58,0
DA:70,0
DA:71,0
DA:74,0
DA:78,0
DA:79,0
DA:80,0
DA:81,0
DA:83,0
DA:84,0
DA:86,0
DA:88,0
DA:92,0
DA:94,0
DA:95,0
DA:96,0
DA:97,0
DA:99,0
DA:105,0
DA:107,0
DA:112,2
LF:53
LH:28
BRDA:28,0,0,1
BRDA:28,0,1,4
BRDA:31,1,0,1
BRDA:31,1,1,3
BRDA:35,2,0,1
BRDA:35,2,1,2
BRDA:39,3,0,1
BRDA:39,3,1,1
BRDA:71,4,0,0
BRDA:71,4,1,0
BRDA:83,5,0,0
BRDA:83,5,1,0
BRDA:96,6,0,0
BRDA:96,6,1,0
BRF:14
BRH:8
end_of_record
TN:
SF:helper\bcrypt.js
FN:3,(anonymous_0)
FN:8,(anonymous_1)
FNF:2
FNH:2
FNDA:3,(anonymous_0)
FNDA:2,(anonymous_1)
DA:1,2
DA:3,2
DA:4,3
DA:5,3
DA:8,2
DA:9,2
DA:12,2
LF:7
LH:7
BRF:0
BRH:0
end_of_record
TN:
SF:helper\jwt.js
FN:3,(anonymous_0)
FN:6,(anonymous_1)
FNF:2
FNH:2
FNDA:2,(anonymous_0)
FNDA:6,(anonymous_1)
DA:1,2
DA:2,2
DA:3,2
DA:4,2
DA:6,2
DA:7,6
DA:10,2
LF:7
LH:7
BRF:0
BRH:0
end_of_record
TN:
SF:middleware\errorHandler.js
FN:1,errorHandler
FNF:1
FNH:1
FNDA:10,errorHandler
DA:2,10
DA:3,10
DA:4,10
DA:5,10
DA:8,1
DA:9,1
DA:10,1
DA:13,3
DA:14,3
DA:15,3
DA:17,1
DA:18,1
DA:19,1
DA:21,0
DA:22,0
DA:23,0
DA:25,2
DA:26,2
DA:27,2
DA:29,0
DA:30,0
DA:31,0
DA:33,0
DA:34,0
DA:35,0
DA:37,1
DA:38,1
DA:39,1
DA:41,2
DA:42,2
DA:43,2
DA:45,10
DA:47,2
LF:33
LH:24
BRDA:3,0,0,10
BRDA:3,0,1,10
BRDA:4,1,0,10
BRDA:4,1,1,6
BRDA:5,2,0,0
BRDA:5,2,1,1
BRDA:5,2,2,0
BRDA:5,2,3,3
BRDA:5,2,4,1
BRDA:5,2,5,0
BRDA:5,2,6,2
BRDA:5,2,7,0
BRDA:5,2,8,0
BRDA:5,2,9,1
BRDA:5,2,10,2
BRF:15
BRH:10
end_of_record
TN:
SF:middleware\isAuthentication.js
FN:4,isAuthenticate
FNF:1
FNH:1
FNDA:6,isAuthenticate
DA:1,2
DA:2,2
DA:5,6
DA:6,6
DA:7,6
DA:9,6
DA:11,6
DA:12,0
DA:14,6
DA:15,6
DA:17,6
DA:18,0
DA:20,6
DA:21,5
DA:22,5
DA:23,0
DA:25,5
DA:28,5
DA:30,1
DA:34,2
LF:20
LH:17
BRDA:11,0,0,0
BRDA:11,0,1,6
BRDA:17,1,0,0
BRDA:17,1,1,6
BRDA:22,2,0,0
BRDA:22,2,1,5
BRF:6
BRH:3
end_of_record
TN:
SF:models\favorites.js
FN:5,(anonymous_0)
FN:12,(anonymous_1)
FNF:2
FNH:2
FNDA:2,(anonymous_0)
FNDA:2,(anonymous_1)
DA:4,2
DA:5,2
DA:14,2
DA:17,2
DA:27,2
LF:5
LH:5
BRF:0
BRH:0
end_of_record
TN:
SF:models\index.js
FN:21,(anonymous_0)
FN:29,(anonymous_1)
FN:34,(anonymous_2)
FNF:3
FNH:3
FNDA:6,(anonymous_0)
FNDA:4,(anonymous_1)
FNDA:4,(anonymous_2)
DA:3,2
DA:4,2
DA:5,2
DA:6,2
DA:7,2
DA:8,2
DA:9,2
DA:10,2
DA:13,2
DA:14,0
DA:16,2
DA:19,2
DA:22,6
DA:30,4
DA:31,4
DA:34,2
DA:35,4
DA:36,4
DA:40,2
DA:41,2
DA:43,2
LF:21
LH:20
BRDA:8,0,0,2
BRDA:8,0,1,0
BRDA:13,1,0,0
BRDA:13,1,1,2
BRDA:23,2,0,6
BRDA:23,2,1,6
BRDA:23,2,2,4
BRDA:23,2,3,4
BRDA:35,3,0,4
BRDA:35,3,1,0
BRF:10
BRH:7
end_of_record
TN:
SF:models\user.js
FN:4,(anonymous_0)
FN:6,(anonymous_1)
FN:68,(anonymous_2)
FN:71,(anonymous_3)
FNF:4
FNH:3
FNDA:2,(anonymous_0)
FNDA:2,(anonymous_1)
FNDA:3,(anonymous_2)
FNDA:0,(anonymous_3)
DA:2,2
DA:3,2
DA:4,2
DA:7,2
DA:10,2
DA:69,3
DA:72,0
DA:79,2
LF:8
LH:7
BRF:0
BRH:0
end_of_record
TN:
SF:router\router.js
FNF:0
FNH:0
DA:1,2
DA:2,2
DA:3,2
DA:4,2
DA:5,2
DA:8,2
DA:9,2
DA:10,2
DA:11,2
DA:12,2
DA:13,2
DA:14,2
DA:15,2
DA:16,2
DA:17,2
DA:19,2
LF:16
LH:16
BRF:0
BRH:0
end_of_record
